Using pre-set license
Built from '2020.3/staging' branch; Version is '2020.3.28f1 (f5400f52e03f) revision 16072719'; Using compiler version '192528614'; Build Type 'Release'
OS: 'Windows 11  (10.0.22621) 64bit CoreSingleLanguage' Language: 'pt' Physical Memory: 8067 MB
BatchMode: 1, IsHumanControllingUs: 0, StartBugReporterOnCrash: 0, Is64bit: 1, IsPro: 0

COMMAND LINE ARGUMENTS:
C:\Program Files\Unity\Hub\Editor\2020.3.28f1\Editor\Unity.exe
-adb2
-batchMode
-noUpm
-name
AssetImportWorker0
-projectPath
C:/Users/anacl/OneDrive/Documentos/GitHub/ppj-shooter/Shooter
-logFile
Logs/AssetImportWorker0.log
-srvPort
49569
Successfully changed project path to: C:/Users/anacl/OneDrive/Documentos/GitHub/ppj-shooter/Shooter
C:/Users/anacl/OneDrive/Documentos/GitHub/ppj-shooter/Shooter
Using Asset Import Pipeline V2.
Refreshing native plugins compatible for Editor in 49.31 ms, found 2 plugins.
Preloading 0 native plugins for Editor in 0.00 ms.
Initialize engine version: 2020.3.28f1 (f5400f52e03f)
[Subsystems] Discovering subsystems at path C:/Program Files/Unity/Hub/Editor/2020.3.28f1/Editor/Data/Resources/UnitySubsystems
[Subsystems] Discovering subsystems at path C:/Users/anacl/OneDrive/Documentos/GitHub/ppj-shooter/Shooter/Assets
GfxDevice: creating device client; threaded=0
Direct3D:
    Version:  Direct3D 11.0 [level 11.1]
    Renderer: Radeon (TM) 520 (ID=0x6665)
    Vendor:   
    VRAM:     2039 MB
    Driver:   27.20.21002.112
Initialize mono
Mono path[0] = 'C:/Program Files/Unity/Hub/Editor/2020.3.28f1/Editor/Data/Managed'
Mono path[1] = 'C:/Program Files/Unity/Hub/Editor/2020.3.28f1/Editor/Data/MonoBleedingEdge/lib/mono/unityjit'
Mono config path = 'C:/Program Files/Unity/Hub/Editor/2020.3.28f1/Editor/Data/MonoBleedingEdge/etc'
Using monoOptions --debugger-agent=transport=dt_socket,embedding=1,server=y,suspend=n,address=127.0.0.1:56060
Begin MonoManager ReloadAssembly
Registering precompiled unity dll's ...
Register platform support module: C:/Program Files/Unity/Hub/Editor/2020.3.28f1/Editor/Data/PlaybackEngines/WindowsStandaloneSupport/UnityEditor.WindowsStandalone.Extensions.dll
Registered in 0.001888 seconds.
Native extension for WindowsStandalone target not found
Refreshing native plugins compatible for Editor in 55.88 ms, found 2 plugins.
Preloading 0 native plugins for Editor in 0.00 ms.
Mono: successfully reloaded assembly
- Completed reload, in  0.870 seconds
Domain Reload Profiling:
	ReloadAssembly (871ms)
		BeginReloadAssembly (104ms)
			ExecutionOrderSort (0ms)
			DisableScriptedObjects (0ms)
			BackupInstance (0ms)
			ReleaseScriptingObjects (0ms)
			CreateAndSetChildDomain (1ms)
		EndReloadAssembly (662ms)
			LoadAssemblies (100ms)
			RebuildTransferFunctionScriptingTraits (0ms)
			SetupTypeCache (229ms)
			ReleaseScriptCaches (0ms)
			RebuildScriptCaches (41ms)
			SetupLoadedEditorAssemblies (243ms)
				LogAssemblyErrors (0ms)
				InitializePlatformSupportModulesInManaged (5ms)
				SetLoadedEditorAssemblies (0ms)
				RefreshPlugins (56ms)
				BeforeProcessingInitializeOnLoad (15ms)
				ProcessInitializeOnLoadAttributes (126ms)
				ProcessInitializeOnLoadMethodAttributes (40ms)
				AfterProcessingInitializeOnLoad (0ms)
				EditorAssembliesLoaded (0ms)
			ExecutionOrderSort2 (0ms)
			AwakeInstancesAfterBackupRestoration (0ms)
Platform modules already initialized, skipping
Registering precompiled user dll's ...
Registered in 0.020858 seconds.
Begin MonoManager ReloadAssembly
Native extension for WindowsStandalone target not found
Refreshing native plugins compatible for Editor in 0.48 ms, found 2 plugins.
Preloading 0 native plugins for Editor in 0.00 ms.
Mono: successfully reloaded assembly
- Completed reload, in  1.563 seconds
Domain Reload Profiling:
	ReloadAssembly (1569ms)
		BeginReloadAssembly (207ms)
			ExecutionOrderSort (0ms)
			DisableScriptedObjects (7ms)
			BackupInstance (0ms)
			ReleaseScriptingObjects (0ms)
			CreateAndSetChildDomain (24ms)
		EndReloadAssembly (1279ms)
			LoadAssemblies (129ms)
			RebuildTransferFunctionScriptingTraits (0ms)
			SetupTypeCache (389ms)
			ReleaseScriptCaches (0ms)
			RebuildScriptCaches (65ms)
			SetupLoadedEditorAssemblies (399ms)
				LogAssemblyErrors (0ms)
				InitializePlatformSupportModulesInManaged (6ms)
				SetLoadedEditorAssemblies (1ms)
				RefreshPlugins (1ms)
				BeforeProcessingInitializeOnLoad (81ms)
				ProcessInitializeOnLoadAttributes (288ms)
				ProcessInitializeOnLoadMethodAttributes (13ms)
				AfterProcessingInitializeOnLoad (8ms)
				EditorAssembliesLoaded (0ms)
			ExecutionOrderSort2 (0ms)
			AwakeInstancesAfterBackupRestoration (8ms)
Platform modules already initialized, skipping
========================================================================
Worker process is ready to serve import requests
Launched and connected shader compiler UnityShaderCompiler.exe after 0.06 seconds
Refreshing native plugins compatible for Editor in 0.71 ms, found 2 plugins.
Preloading 0 native plugins for Editor in 0.00 ms.
Unloading 1628 Unused Serialized files (Serialized files now loaded: 0)
System memory in use before: 90.0 MB.
System memory in use after: 89.7 MB.

Unloading 21 unused Assets to reduce memory usage. Loaded Objects now: 2066.
Total: 4.169700 ms (FindLiveObjects: 0.157700 ms CreateObjectMapping: 0.067800 ms MarkObjects: 3.534000 ms  DeleteObjects: 0.408700 ms)

AssetImportParameters requested are different than current active one (requested -> active):
  custom:framework-win-MediaFoundation: 216162199b28c13a410421893ffa2e32 -> 
  custom:video-decoder-ogg-theora: a1e56fd34408186e4bbccfd4996cb3dc -> 
  custom:container-muxer-webm: aa71ff27fc2769a1b78a27578f13a17b -> 
  custom:container-demuxer-webm: 4f35f7cbe854078d1ac9338744f61a02 -> 
  custom:container-demuxer-ogg: 62fdf1f143b41e24485cea50d1cbac27 -> 
  custom:video-encoder-webm-vp8: eb34c28f22e8b96e1ab97ce403110664 -> 
  custom:video-codec-MediaFoundation-h265: 746d11721c4dcdbdad8f713fa42b33f4 -> 
  custom:video-decoder-webm-vp8: 9c59270c3fd7afecdb556c50c9e8de78 -> 
  custom:audio-decoder-ogg-vorbis: bf7c407c2cedff20999df2af8eb42d56 -> 
  custom:audio-encoder-webm-vorbis: bf7c407c2cedff20999df2af8eb42d56 -> 
========================================================================
Received Import Request.
  path: Assets/_Cenas/Level1 1.unity
  artifactKey: Guid(d4c32a40d0aea42489343c45eb8644fc) Importer(815301076,1909f56bfc062723c751e8b465ee728b)
Start importing Assets/_Cenas/Level1 1.unity using Guid(d4c32a40d0aea42489343c45eb8644fc) Importer(815301076,1909f56bfc062723c751e8b465ee728b)  -> (artifact id: '33b924116c9caf083f1d63c9c1d620c0') in 0.028996 seconds 
  Import took 0.034096 seconds .

========================================================================
Received Import Request.
  Time since last request: 3.806575 seconds.
  path: Assets/_Cenas/Level1.unity
  artifactKey: Guid(0aef88269441b42ce950daab4030cc70) Importer(815301076,1909f56bfc062723c751e8b465ee728b)
Start importing Assets/_Cenas/Level1.unity using Guid(0aef88269441b42ce950daab4030cc70) Importer(815301076,1909f56bfc062723c751e8b465ee728b)  -> (artifact id: '231e00931254dff243dcbdc4f16345b2') in 0.005058 seconds 
  Import took 0.010748 seconds .

========================================================================
Received Prepare
Registering precompiled user dll's ...
Registered in 0.008710 seconds.
Begin MonoManager ReloadAssembly
Native extension for WindowsStandalone target not found
Refreshing native plugins compatible for Editor in 0.41 ms, found 2 plugins.
Preloading 0 native plugins for Editor in 0.00 ms.
Mono: successfully reloaded assembly
- Completed reload, in  1.164 seconds
Domain Reload Profiling:
	ReloadAssembly (1164ms)
		BeginReloadAssembly (133ms)
			ExecutionOrderSort (0ms)
			DisableScriptedObjects (5ms)
			BackupInstance (0ms)
			ReleaseScriptingObjects (0ms)
			CreateAndSetChildDomain (39ms)
		EndReloadAssembly (959ms)
			LoadAssemblies (110ms)
			RebuildTransferFunctionScriptingTraits (0ms)
			SetupTypeCache (349ms)
			ReleaseScriptCaches (1ms)
			RebuildScriptCaches (44ms)
			SetupLoadedEditorAssemblies (343ms)
				LogAssemblyErrors (0ms)
				InitializePlatformSupportModulesInManaged (7ms)
				SetLoadedEditorAssemblies (1ms)
				RefreshPlugins (1ms)
				BeforeProcessingInitializeOnLoad (66ms)
				ProcessInitializeOnLoadAttributes (249ms)
				ProcessInitializeOnLoadMethodAttributes (12ms)
				AfterProcessingInitializeOnLoad (7ms)
				EditorAssembliesLoaded (0ms)
			ExecutionOrderSort2 (0ms)
			AwakeInstancesAfterBackupRestoration (8ms)
Platform modules already initialized, skipping
Refreshing native plugins compatible for Editor in 0.42 ms, found 2 plugins.
Preloading 0 native plugins for Editor in 0.00 ms.
Unloading 1549 Unused Serialized files (Serialized files now loaded: 0)
System memory in use before: 82.5 MB.
System memory in use after: 82.3 MB.

Unloading 16 unused Assets to reduce memory usage. Loaded Objects now: 2068.
Total: 3.063300 ms (FindLiveObjects: 0.153200 ms CreateObjectMapping: 0.067700 ms MarkObjects: 2.525200 ms  DeleteObjects: 0.316300 ms)

AssetImportParameters requested are different than current active one (requested -> active):
  custom:framework-win-MediaFoundation: 216162199b28c13a410421893ffa2e32 -> 
  custom:video-decoder-ogg-theora: a1e56fd34408186e4bbccfd4996cb3dc -> 
  custom:container-muxer-webm: aa71ff27fc2769a1b78a27578f13a17b -> 
  custom:container-demuxer-webm: 4f35f7cbe854078d1ac9338744f61a02 -> 
  custom:container-demuxer-ogg: 62fdf1f143b41e24485cea50d1cbac27 -> 
  custom:video-encoder-webm-vp8: eb34c28f22e8b96e1ab97ce403110664 -> 
  custom:video-codec-MediaFoundation-h265: 746d11721c4dcdbdad8f713fa42b33f4 -> 
  custom:video-decoder-webm-vp8: 9c59270c3fd7afecdb556c50c9e8de78 -> 
  custom:audio-decoder-ogg-vorbis: bf7c407c2cedff20999df2af8eb42d56 -> 
  custom:audio-encoder-webm-vorbis: bf7c407c2cedff20999df2af8eb42d56 -> 
========================================================================
Received Import Request.
  Time since last request: 346.750420 seconds.
  path: Assets/prefabs/Invader 1.prefab
  artifactKey: Guid(967cbbd128173b243a0ef17afc4a55f5) Importer(815301076,1909f56bfc062723c751e8b465ee728b)
Start importing Assets/prefabs/Invader 1.prefab using Guid(967cbbd128173b243a0ef17afc4a55f5) Importer(815301076,1909f56bfc062723c751e8b465ee728b)  -> (artifact id: '36513009e9474b1338fd80eb3f926fb0') in 0.187829 seconds 
  Import took 0.192220 seconds .

========================================================================
Received Import Request.
  Time since last request: 147.592469 seconds.
  path: Assets/prefabs/Invader 1.prefab
  artifactKey: Guid(967cbbd128173b243a0ef17afc4a55f5) Importer(815301076,1909f56bfc062723c751e8b465ee728b)
Start importing Assets/prefabs/Invader 1.prefab using Guid(967cbbd128173b243a0ef17afc4a55f5) Importer(815301076,1909f56bfc062723c751e8b465ee728b)  -> (artifact id: '96328f03fcd86fef67f143d9861a2c22') in 0.022050 seconds 
  Import took 0.028174 seconds .

========================================================================
Received Import Request.
  Time since last request: 13.298830 seconds.
  path: Assets/prefabs/invader fase 2.prefab
  artifactKey: Guid(967cbbd128173b243a0ef17afc4a55f5) Importer(815301076,1909f56bfc062723c751e8b465ee728b)
Start importing Assets/prefabs/invader fase 2.prefab using Guid(967cbbd128173b243a0ef17afc4a55f5) Importer(815301076,1909f56bfc062723c751e8b465ee728b)  -> (artifact id: '54ae2cc51a810e2ff97deba89acfaa0f') in 0.023280 seconds 
  Import took 0.027772 seconds .

========================================================================
Received Import Request.
  Time since last request: 201.203187 seconds.
  path: Assets/prefabs/invader fase 2.prefab
  artifactKey: Guid(967cbbd128173b243a0ef17afc4a55f5) Importer(815301076,1909f56bfc062723c751e8b465ee728b)
Start importing Assets/prefabs/invader fase 2.prefab using Guid(967cbbd128173b243a0ef17afc4a55f5) Importer(815301076,1909f56bfc062723c751e8b465ee728b)  -> (artifact id: 'eb4849c5cebd579cabd5779774f8c57b') in 0.024710 seconds 
  Import took 0.030187 seconds .

========================================================================
Received Import Request.
  Time since last request: 284.978206 seconds.
  path: Assets/prefabs/explosao inader 1.prefab
  artifactKey: Guid(8279e7f4554cd1f4f9fb82e85111b45f) Importer(815301076,1909f56bfc062723c751e8b465ee728b)
Start importing Assets/prefabs/explosao inader 1.prefab using Guid(8279e7f4554cd1f4f9fb82e85111b45f) Importer(815301076,1909f56bfc062723c751e8b465ee728b)  -> (artifact id: '0ab04bf2117ca26cc4add84dfeac7fa6') in 0.035259 seconds 
  Import took 0.045315 seconds .

========================================================================
Received Import Request.
  Time since last request: 14.131976 seconds.
  path: Assets/prefabs/explosao nave.prefab
  artifactKey: Guid(585aad890931342418a68434860c08ee) Importer(815301076,1909f56bfc062723c751e8b465ee728b)
Start importing Assets/prefabs/explosao nave.prefab using Guid(585aad890931342418a68434860c08ee) Importer(815301076,1909f56bfc062723c751e8b465ee728b)  -> (artifact id: '4875319a54626bae13db3fe2437516fa') in 0.019841 seconds 
  Import took 0.024679 seconds .

========================================================================
Received Import Request.
  Time since last request: 8.542682 seconds.
  path: Assets/prefabs/explosao disco.prefab
  artifactKey: Guid(ce4685c6d56340940984c3dc7c9f25fc) Importer(815301076,1909f56bfc062723c751e8b465ee728b)
Start importing Assets/prefabs/explosao disco.prefab using Guid(ce4685c6d56340940984c3dc7c9f25fc) Importer(815301076,1909f56bfc062723c751e8b465ee728b)  -> (artifact id: 'd47dbb2dac39cfac280c9161e474c2cb') in 0.017858 seconds 
  Import took 0.022458 seconds .

========================================================================
Received Import Request.
  Time since last request: 8.151742 seconds.
  path: Assets/prefabs/explosao inader 2.prefab
  artifactKey: Guid(e1a98ae7bb569bd4cbbc03b5bf8c5bd8) Importer(815301076,1909f56bfc062723c751e8b465ee728b)
Start importing Assets/prefabs/explosao inader 2.prefab using Guid(e1a98ae7bb569bd4cbbc03b5bf8c5bd8) Importer(815301076,1909f56bfc062723c751e8b465ee728b)  -> (artifact id: 'f1d819238d052028d867955bcd6f6548') in 0.015832 seconds 
  Import took 0.020662 seconds .

========================================================================
Received Import Request.
  Time since last request: 18.093224 seconds.
  path: Assets/prefabs/explosao inader 2.prefab
  artifactKey: Guid(e1a98ae7bb569bd4cbbc03b5bf8c5bd8) Importer(815301076,1909f56bfc062723c751e8b465ee728b)
Start importing Assets/prefabs/explosao inader 2.prefab using Guid(e1a98ae7bb569bd4cbbc03b5bf8c5bd8) Importer(815301076,1909f56bfc062723c751e8b465ee728b)  -> (artifact id: '7a0ab2eebed907a17faae4ff25995bea') in 0.013907 seconds 
  Import took 0.018075 seconds .

========================================================================
Received Import Request.
  Time since last request: 81.529120 seconds.
  path: Assets/prefabs/Disco 1.prefab
  artifactKey: Guid(427e0598f422e274fbcbf3962d39790c) Importer(815301076,1909f56bfc062723c751e8b465ee728b)
Start importing Assets/prefabs/Disco 1.prefab using Guid(427e0598f422e274fbcbf3962d39790c) Importer(815301076,1909f56bfc062723c751e8b465ee728b)  -> (artifact id: '1b49bb1991219ba2538cfb3b30d2d863') in 0.017867 seconds 
  Import took 0.023129 seconds .

========================================================================
Received Import Request.
  Time since last request: 6.331904 seconds.
  path: Assets/prefabs/disco fase 2.prefab
  artifactKey: Guid(427e0598f422e274fbcbf3962d39790c) Importer(815301076,1909f56bfc062723c751e8b465ee728b)
Start importing Assets/prefabs/disco fase 2.prefab using Guid(427e0598f422e274fbcbf3962d39790c) Importer(815301076,1909f56bfc062723c751e8b465ee728b)  -> (artifact id: '3e0e0754ba1ab54ad106ed44e949535c') in 0.019048 seconds 
  Import took 0.023303 seconds .

========================================================================
Received Import Request.
  Time since last request: 472.182031 seconds.
  path: Assets/prefabs/disco fase 2.prefab
  artifactKey: Guid(427e0598f422e274fbcbf3962d39790c) Importer(815301076,1909f56bfc062723c751e8b465ee728b)
Start importing Assets/prefabs/disco fase 2.prefab using Guid(427e0598f422e274fbcbf3962d39790c) Importer(815301076,1909f56bfc062723c751e8b465ee728b)  -> (artifact id: '1e59d1476310d156af00a9b221ce4442') in 0.048617 seconds 
  Import took 0.053667 seconds .

========================================================================
Received Import Request.
  Time since last request: 170.121704 seconds.
  path: Assets/prefabs/disco fase 2.prefab
  artifactKey: Guid(427e0598f422e274fbcbf3962d39790c) Importer(815301076,1909f56bfc062723c751e8b465ee728b)
Start importing Assets/prefabs/disco fase 2.prefab using Guid(427e0598f422e274fbcbf3962d39790c) Importer(815301076,1909f56bfc062723c751e8b465ee728b)  -> (artifact id: '4b07e065577d96471290a78d7ce73802') in 0.024833 seconds 
  Import took 0.030783 seconds .

========================================================================
Received Import Request.
  Time since last request: 228.809395 seconds.
  path: Assets/prefabs/explosao disco 1.prefab
  artifactKey: Guid(9c2c090eb41b2f148a74e9489ce0933a) Importer(815301076,1909f56bfc062723c751e8b465ee728b)
Start importing Assets/prefabs/explosao disco 1.prefab using Guid(9c2c090eb41b2f148a74e9489ce0933a) Importer(815301076,1909f56bfc062723c751e8b465ee728b)  -> (artifact id: '4d3040ee5ef132c1e8019222f71b6b86') in 0.024889 seconds 
  Import took 0.028965 seconds .

========================================================================
Received Import Request.
  Time since last request: 24.723039 seconds.
  path: Assets/prefabs/explosao disco 2.prefab
  artifactKey: Guid(9c2c090eb41b2f148a74e9489ce0933a) Importer(815301076,1909f56bfc062723c751e8b465ee728b)
Start importing Assets/prefabs/explosao disco 2.prefab using Guid(9c2c090eb41b2f148a74e9489ce0933a) Importer(815301076,1909f56bfc062723c751e8b465ee728b)  -> (artifact id: '3975432d1b4946d3c7cd4392244bd1dc') in 0.015459 seconds 
  Import took 0.019016 seconds .

========================================================================
Received Import Request.
  Time since last request: 9.935437 seconds.
  path: Assets/prefabs/explosao disco 2.prefab
  artifactKey: Guid(9c2c090eb41b2f148a74e9489ce0933a) Importer(815301076,1909f56bfc062723c751e8b465ee728b)
Start importing Assets/prefabs/explosao disco 2.prefab using Guid(9c2c090eb41b2f148a74e9489ce0933a) Importer(815301076,1909f56bfc062723c751e8b465ee728b)  -> (artifact id: '066c616ce14cc1c580afa4bb94229f71') in 0.012175 seconds 
  Import took 0.015762 seconds .

========================================================================
Received Import Request.
  Time since last request: 88.995308 seconds.
  path: Assets/prefabs/Nave 1.prefab
  artifactKey: Guid(0c6f0dff0f4300147bd7ed4db655ac66) Importer(815301076,1909f56bfc062723c751e8b465ee728b)
Start importing Assets/prefabs/Nave 1.prefab using Guid(0c6f0dff0f4300147bd7ed4db655ac66) Importer(815301076,1909f56bfc062723c751e8b465ee728b)  -> (artifact id: '5bdffe46bf96d1c47551fdaff1f4c209') in 0.017548 seconds 
  Import took 0.022984 seconds .

========================================================================
Received Import Request.
  Time since last request: 5.293420 seconds.
  path: Assets/prefabs/Nave 2.prefab
  artifactKey: Guid(0c6f0dff0f4300147bd7ed4db655ac66) Importer(815301076,1909f56bfc062723c751e8b465ee728b)
Start importing Assets/prefabs/Nave 2.prefab using Guid(0c6f0dff0f4300147bd7ed4db655ac66) Importer(815301076,1909f56bfc062723c751e8b465ee728b)  -> (artifact id: '050bd79857375eb73ea39f50a107d40d') in 0.015241 seconds 
  Import took 0.019033 seconds .

========================================================================
Received Import Request.
  Time since last request: 204.153002 seconds.
  path: Assets/prefabs/Nave 2.prefab
  artifactKey: Guid(0c6f0dff0f4300147bd7ed4db655ac66) Importer(815301076,1909f56bfc062723c751e8b465ee728b)
Start importing Assets/prefabs/Nave 2.prefab using Guid(0c6f0dff0f4300147bd7ed4db655ac66) Importer(815301076,1909f56bfc062723c751e8b465ee728b)  -> (artifact id: '52bfb7f4876595c952a4b16b0227414c') in 0.013327 seconds 
  Import took 0.017330 seconds .

========================================================================
Received Import Request.
  Time since last request: 15.088796 seconds.
  path: Assets/prefabs/explosao nave 1.prefab
  artifactKey: Guid(42284db708fdf484e9af2c38a6cd6a2f) Importer(815301076,1909f56bfc062723c751e8b465ee728b)
Start importing Assets/prefabs/explosao nave 1.prefab using Guid(42284db708fdf484e9af2c38a6cd6a2f) Importer(815301076,1909f56bfc062723c751e8b465ee728b)  -> (artifact id: 'e335f29b5fc0978dffaaded940ef4248') in 0.022307 seconds 
  Import took 0.027483 seconds .

========================================================================
Received Import Request.
  Time since last request: 5.136892 seconds.
  path: Assets/prefabs/explosao nave 2.prefab
  artifactKey: Guid(42284db708fdf484e9af2c38a6cd6a2f) Importer(815301076,1909f56bfc062723c751e8b465ee728b)
Start importing Assets/prefabs/explosao nave 2.prefab using Guid(42284db708fdf484e9af2c38a6cd6a2f) Importer(815301076,1909f56bfc062723c751e8b465ee728b)  -> (artifact id: '550f14073637ae06fdcdcc88006b08ab') in 0.012548 seconds 
  Import took 0.016257 seconds .

========================================================================
Received Import Request.
  Time since last request: 10.850463 seconds.
  path: Assets/prefabs/explosao nave 2.prefab
  artifactKey: Guid(42284db708fdf484e9af2c38a6cd6a2f) Importer(815301076,1909f56bfc062723c751e8b465ee728b)
Start importing Assets/prefabs/explosao nave 2.prefab using Guid(42284db708fdf484e9af2c38a6cd6a2f) Importer(815301076,1909f56bfc062723c751e8b465ee728b)  -> (artifact id: 'c6c887f2210f26e7bca708932343c234') in 0.011151 seconds 
  Import took 0.014988 seconds .

========================================================================
Received Import Request.
  Time since last request: 26.460864 seconds.
  path: Assets/prefabs/Nave 2.prefab
  artifactKey: Guid(0c6f0dff0f4300147bd7ed4db655ac66) Importer(815301076,1909f56bfc062723c751e8b465ee728b)
Start importing Assets/prefabs/Nave 2.prefab using Guid(0c6f0dff0f4300147bd7ed4db655ac66) Importer(815301076,1909f56bfc062723c751e8b465ee728b)  -> (artifact id: '78919ff85d7c442d98aee80e45c0cb09') in 0.015316 seconds 
  Import took 0.019135 seconds .

========================================================================
Received Import Request.
  Time since last request: 64.815538 seconds.
  path: Assets/_Cenas/Level1 1.unity
  artifactKey: Guid(d4c32a40d0aea42489343c45eb8644fc) Importer(815301076,1909f56bfc062723c751e8b465ee728b)
Start importing Assets/_Cenas/Level1 1.unity using Guid(d4c32a40d0aea42489343c45eb8644fc) Importer(815301076,1909f56bfc062723c751e8b465ee728b)  -> (artifact id: '3d1b17eb1a50db8d61e6cd0a32943d61') in 0.005286 seconds 
  Import took 0.009308 seconds .

========================================================================
Received Import Request.
  Time since last request: 44.927271 seconds.
  path: Assets/prefabs/Ambiente.prefab
  artifactKey: Guid(f3e8d3b68bdf285438278a6d9363a672) Importer(815301076,1909f56bfc062723c751e8b465ee728b)
Start importing Assets/prefabs/Ambiente.prefab using Guid(f3e8d3b68bdf285438278a6d9363a672) Importer(815301076,1909f56bfc062723c751e8b465ee728b)  -> (artifact id: '7946505e9ba6d0ef431e6e34e9ccf206') in 0.027601 seconds 
  Import took 0.030914 seconds .

========================================================================
Received Import Request.
  Time since last request: 91.002465 seconds.
  path: Assets/prefabs/Ambiente 1.prefab
  artifactKey: Guid(9625afdc7a5bb4d449d7ccb5ca63d371) Importer(815301076,1909f56bfc062723c751e8b465ee728b)
Start importing Assets/prefabs/Ambiente 1.prefab using Guid(9625afdc7a5bb4d449d7ccb5ca63d371) Importer(815301076,1909f56bfc062723c751e8b465ee728b)  -> (artifact id: 'cccebaee44754935f762cd131467ef7c') in 0.016673 seconds 
  Import took 0.020153 seconds .

========================================================================
Received Import Request.
  Time since last request: 4.148358 seconds.
  path: Assets/prefabs/Ambiente 2.prefab
  artifactKey: Guid(9625afdc7a5bb4d449d7ccb5ca63d371) Importer(815301076,1909f56bfc062723c751e8b465ee728b)
Start importing Assets/prefabs/Ambiente 2.prefab using Guid(9625afdc7a5bb4d449d7ccb5ca63d371) Importer(815301076,1909f56bfc062723c751e8b465ee728b)  -> (artifact id: 'd43e86ecd1703a36c2cf081f85d3165d') in 0.014102 seconds 
  Import took 0.017152 seconds .

========================================================================
Received Import Request.
  Time since last request: 169.228027 seconds.
  path: Assets/prefabs/Disco.prefab
  artifactKey: Guid(a2617285dd68944b6a32503738f511f8) Importer(815301076,1909f56bfc062723c751e8b465ee728b)
Start importing Assets/prefabs/Disco.prefab using Guid(a2617285dd68944b6a32503738f511f8) Importer(815301076,1909f56bfc062723c751e8b465ee728b)  -> (artifact id: '0d13662deb9992d18dc6eee982569302') in 0.016605 seconds 
  Import took 0.020479 seconds .

========================================================================
Received Import Request.
  Time since last request: 15.710329 seconds.
  path: Assets/prefabs/disco fase 2.prefab
  artifactKey: Guid(427e0598f422e274fbcbf3962d39790c) Importer(815301076,1909f56bfc062723c751e8b465ee728b)
Start importing Assets/prefabs/disco fase 2.prefab using Guid(427e0598f422e274fbcbf3962d39790c) Importer(815301076,1909f56bfc062723c751e8b465ee728b)  -> (artifact id: '3330d2b9644b21f4dda72cf45791a1e5') in 0.014319 seconds 
  Import took 0.017684 seconds .

========================================================================
Received Import Request.
  Time since last request: 16.642980 seconds.
  path: Assets/prefabs/Nave 2.prefab
  artifactKey: Guid(0c6f0dff0f4300147bd7ed4db655ac66) Importer(815301076,1909f56bfc062723c751e8b465ee728b)
Start importing Assets/prefabs/Nave 2.prefab using Guid(0c6f0dff0f4300147bd7ed4db655ac66) Importer(815301076,1909f56bfc062723c751e8b465ee728b)  -> (artifact id: '44fb013579a1695b79259e24f4f7a8b1') in 0.016346 seconds 
  Import took 0.019835 seconds .

========================================================================
Received Import Request.
  Time since last request: 26.233833 seconds.
  path: Assets/_Cenas/Level1.unity
  artifactKey: Guid(0aef88269441b42ce950daab4030cc70) Importer(815301076,1909f56bfc062723c751e8b465ee728b)
Start importing Assets/_Cenas/Level1.unity using Guid(0aef88269441b42ce950daab4030cc70) Importer(815301076,1909f56bfc062723c751e8b465ee728b)  -> (artifact id: 'e3683b662654de469e0f725f277848f4') in 0.004909 seconds 
  Import took 0.008710 seconds .

========================================================================
Received Import Request.
  Time since last request: 671.299493 seconds.
  path: Assets/_Cenas/Level1 1.unity
  artifactKey: Guid(d4c32a40d0aea42489343c45eb8644fc) Importer(815301076,1909f56bfc062723c751e8b465ee728b)
Start importing Assets/_Cenas/Level1 1.unity using Guid(d4c32a40d0aea42489343c45eb8644fc) Importer(815301076,1909f56bfc062723c751e8b465ee728b)  -> (artifact id: 'c6947ae19e0bbc517021f6aa2c67b742') in 0.004231 seconds 
  Import took 0.008334 seconds .

========================================================================
Received Prepare
Registering precompiled user dll's ...
Registered in 0.003998 seconds.
Begin MonoManager ReloadAssembly
Native extension for WindowsStandalone target not found
Refreshing native plugins compatible for Editor in 0.49 ms, found 2 plugins.
Preloading 0 native plugins for Editor in 0.00 ms.
Mono: successfully reloaded assembly
- Completed reload, in  1.238 seconds
Domain Reload Profiling:
	ReloadAssembly (1243ms)
		BeginReloadAssembly (227ms)
			ExecutionOrderSort (0ms)
			DisableScriptedObjects (20ms)
			BackupInstance (0ms)
			ReleaseScriptingObjects (0ms)
			CreateAndSetChildDomain (89ms)
		EndReloadAssembly (934ms)
			LoadAssemblies (130ms)
			RebuildTransferFunctionScriptingTraits (0ms)
			SetupTypeCache (353ms)
			ReleaseScriptCaches (2ms)
			RebuildScriptCaches (43ms)
			SetupLoadedEditorAssemblies (314ms)
				LogAssemblyErrors (0ms)
				InitializePlatformSupportModulesInManaged (5ms)
				SetLoadedEditorAssemblies (1ms)
				RefreshPlugins (1ms)
				BeforeProcessingInitializeOnLoad (57ms)
				ProcessInitializeOnLoadAttributes (234ms)
				ProcessInitializeOnLoadMethodAttributes (10ms)
				AfterProcessingInitializeOnLoad (7ms)
				EditorAssembliesLoaded (0ms)
			ExecutionOrderSort2 (0ms)
			AwakeInstancesAfterBackupRestoration (7ms)
Platform modules already initialized, skipping
Refreshing native plugins compatible for Editor in 0.38 ms, found 2 plugins.
Preloading 0 native plugins for Editor in 0.00 ms.
Unloading 1549 Unused Serialized files (Serialized files now loaded: 0)
System memory in use before: 85.9 MB.
System memory in use after: 85.6 MB.

Unloading 16 unused Assets to reduce memory usage. Loaded Objects now: 2079.
Total: 2.947000 ms (FindLiveObjects: 0.152700 ms CreateObjectMapping: 0.053100 ms MarkObjects: 2.447500 ms  DeleteObjects: 0.292900 ms)

AssetImportParameters requested are different than current active one (requested -> active):
  custom:framework-win-MediaFoundation: 216162199b28c13a410421893ffa2e32 -> 
  custom:video-decoder-ogg-theora: a1e56fd34408186e4bbccfd4996cb3dc -> 
  custom:container-muxer-webm: aa71ff27fc2769a1b78a27578f13a17b -> 
  custom:container-demuxer-webm: 4f35f7cbe854078d1ac9338744f61a02 -> 
  custom:container-demuxer-ogg: 62fdf1f143b41e24485cea50d1cbac27 -> 
  custom:video-encoder-webm-vp8: eb34c28f22e8b96e1ab97ce403110664 -> 
  custom:video-codec-MediaFoundation-h265: 746d11721c4dcdbdad8f713fa42b33f4 -> 
  custom:video-decoder-webm-vp8: 9c59270c3fd7afecdb556c50c9e8de78 -> 
  custom:audio-decoder-ogg-vorbis: bf7c407c2cedff20999df2af8eb42d56 -> 
  custom:audio-encoder-webm-vorbis: bf7c407c2cedff20999df2af8eb42d56 -> 
========================================================================
Received Import Request.
  Time since last request: 8.265611 seconds.
  path: Assets/_Cenas/Level2.unity
  artifactKey: Guid(d4c32a40d0aea42489343c45eb8644fc) Importer(815301076,1909f56bfc062723c751e8b465ee728b)
Start importing Assets/_Cenas/Level2.unity using Guid(d4c32a40d0aea42489343c45eb8644fc) Importer(815301076,1909f56bfc062723c751e8b465ee728b)  -> (artifact id: '0e8ba79e988ef3d5e64d4e2240ab922c') in 0.012477 seconds 
  Import took 0.015215 seconds .

========================================================================
Received Prepare
Registering precompiled user dll's ...
Registered in 0.004291 seconds.
Begin MonoManager ReloadAssembly
Native extension for WindowsStandalone target not found
Refreshing native plugins compatible for Editor in 0.37 ms, found 2 plugins.
Preloading 0 native plugins for Editor in 0.00 ms.
Mono: successfully reloaded assembly
- Completed reload, in  1.040 seconds
Domain Reload Profiling:
	ReloadAssembly (1040ms)
		BeginReloadAssembly (112ms)
			ExecutionOrderSort (0ms)
			DisableScriptedObjects (5ms)
			BackupInstance (0ms)
			ReleaseScriptingObjects (0ms)
			CreateAndSetChildDomain (30ms)
		EndReloadAssembly (859ms)
			LoadAssemblies (100ms)
			RebuildTransferFunctionScriptingTraits (0ms)
			SetupTypeCache (321ms)
			ReleaseScriptCaches (1ms)
			RebuildScriptCaches (42ms)
			SetupLoadedEditorAssemblies (292ms)
				LogAssemblyErrors (0ms)
				InitializePlatformSupportModulesInManaged (5ms)
				SetLoadedEditorAssemblies (1ms)
				RefreshPlugins (0ms)
				BeforeProcessingInitializeOnLoad (52ms)
				ProcessInitializeOnLoadAttributes (218ms)
				ProcessInitializeOnLoadMethodAttributes (10ms)
				AfterProcessingInitializeOnLoad (6ms)
				EditorAssembliesLoaded (0ms)
			ExecutionOrderSort2 (0ms)
			AwakeInstancesAfterBackupRestoration (7ms)
Platform modules already initialized, skipping
Refreshing native plugins compatible for Editor in 0.36 ms, found 2 plugins.
Preloading 0 native plugins for Editor in 0.00 ms.
Unloading 1549 Unused Serialized files (Serialized files now loaded: 0)
System memory in use before: 85.9 MB.
System memory in use after: 85.7 MB.

Unloading 16 unused Assets to reduce memory usage. Loaded Objects now: 2081.
Total: 3.567300 ms (FindLiveObjects: 0.158400 ms CreateObjectMapping: 0.095900 ms MarkObjects: 2.921200 ms  DeleteObjects: 0.390100 ms)

AssetImportParameters requested are different than current active one (requested -> active):
  custom:framework-win-MediaFoundation: 216162199b28c13a410421893ffa2e32 -> 
  custom:video-decoder-ogg-theora: a1e56fd34408186e4bbccfd4996cb3dc -> 
  custom:container-muxer-webm: aa71ff27fc2769a1b78a27578f13a17b -> 
  custom:container-demuxer-webm: 4f35f7cbe854078d1ac9338744f61a02 -> 
  custom:container-demuxer-ogg: 62fdf1f143b41e24485cea50d1cbac27 -> 
  custom:video-encoder-webm-vp8: eb34c28f22e8b96e1ab97ce403110664 -> 
  custom:video-codec-MediaFoundation-h265: 746d11721c4dcdbdad8f713fa42b33f4 -> 
  custom:video-decoder-webm-vp8: 9c59270c3fd7afecdb556c50c9e8de78 -> 
  custom:audio-decoder-ogg-vorbis: bf7c407c2cedff20999df2af8eb42d56 -> 
  custom:audio-encoder-webm-vorbis: bf7c407c2cedff20999df2af8eb42d56 -> 
========================================================================
Received Prepare
Registering precompiled user dll's ...
Registered in 0.004035 seconds.
Begin MonoManager ReloadAssembly
Native extension for WindowsStandalone target not found
Refreshing native plugins compatible for Editor in 0.40 ms, found 2 plugins.
Preloading 0 native plugins for Editor in 0.00 ms.
Mono: successfully reloaded assembly
- Completed reload, in  0.956 seconds
Domain Reload Profiling:
	ReloadAssembly (956ms)
		BeginReloadAssembly (113ms)
			ExecutionOrderSort (0ms)
			DisableScriptedObjects (4ms)
			BackupInstance (0ms)
			ReleaseScriptingObjects (0ms)
			CreateAndSetChildDomain (32ms)
		EndReloadAssembly (782ms)
			LoadAssemblies (98ms)
			RebuildTransferFunctionScriptingTraits (0ms)
			SetupTypeCache (277ms)
			ReleaseScriptCaches (1ms)
			RebuildScriptCaches (38ms)
			SetupLoadedEditorAssemblies (276ms)
				LogAssemblyErrors (0ms)
				InitializePlatformSupportModulesInManaged (5ms)
				SetLoadedEditorAssemblies (1ms)
				RefreshPlugins (0ms)
				BeforeProcessingInitializeOnLoad (49ms)
				ProcessInitializeOnLoadAttributes (205ms)
				ProcessInitializeOnLoadMethodAttributes (10ms)
				AfterProcessingInitializeOnLoad (6ms)
				EditorAssembliesLoaded (0ms)
			ExecutionOrderSort2 (0ms)
			AwakeInstancesAfterBackupRestoration (7ms)
Platform modules already initialized, skipping
Refreshing native plugins compatible for Editor in 0.43 ms, found 2 plugins.
Preloading 0 native plugins for Editor in 0.00 ms.
Unloading 1549 Unused Serialized files (Serialized files now loaded: 0)
System memory in use before: 85.9 MB.
System memory in use after: 85.7 MB.

Unloading 16 unused Assets to reduce memory usage. Loaded Objects now: 2083.
Total: 2.933800 ms (FindLiveObjects: 0.161700 ms CreateObjectMapping: 0.058500 ms MarkObjects: 2.389400 ms  DeleteObjects: 0.323500 ms)

AssetImportParameters requested are different than current active one (requested -> active):
  custom:framework-win-MediaFoundation: 216162199b28c13a410421893ffa2e32 -> 
  custom:video-decoder-ogg-theora: a1e56fd34408186e4bbccfd4996cb3dc -> 
  custom:container-muxer-webm: aa71ff27fc2769a1b78a27578f13a17b -> 
  custom:container-demuxer-webm: 4f35f7cbe854078d1ac9338744f61a02 -> 
  custom:container-demuxer-ogg: 62fdf1f143b41e24485cea50d1cbac27 -> 
  custom:video-encoder-webm-vp8: eb34c28f22e8b96e1ab97ce403110664 -> 
  custom:video-codec-MediaFoundation-h265: 746d11721c4dcdbdad8f713fa42b33f4 -> 
  custom:video-decoder-webm-vp8: 9c59270c3fd7afecdb556c50c9e8de78 -> 
  custom:audio-decoder-ogg-vorbis: bf7c407c2cedff20999df2af8eb42d56 -> 
  custom:audio-encoder-webm-vorbis: bf7c407c2cedff20999df2af8eb42d56 -> 
========================================================================
Received Prepare
Refreshing native plugins compatible for Editor in 3.65 ms, found 2 plugins.
Preloading 0 native plugins for Editor in 0.00 ms.
Unloading 14 Unused Serialized files (Serialized files now loaded: 0)
System memory in use before: 55.4 MB.
System memory in use after: 55.2 MB.

Unloading 14 unused Assets to reduce memory usage. Loaded Objects now: 2083.
Total: 2.967100 ms (FindLiveObjects: 0.135700 ms CreateObjectMapping: 0.056100 ms MarkObjects: 2.465000 ms  DeleteObjects: 0.309600 ms)

AssetImportParameters requested are different than current active one (requested -> active):
  custom:framework-win-MediaFoundation: 216162199b28c13a410421893ffa2e32 -> 
  custom:video-decoder-ogg-theora: a1e56fd34408186e4bbccfd4996cb3dc -> 
  custom:container-muxer-webm: aa71ff27fc2769a1b78a27578f13a17b -> 
  custom:container-demuxer-webm: 4f35f7cbe854078d1ac9338744f61a02 -> 
  custom:container-demuxer-ogg: 62fdf1f143b41e24485cea50d1cbac27 -> 
  custom:video-encoder-webm-vp8: eb34c28f22e8b96e1ab97ce403110664 -> 
  custom:video-codec-MediaFoundation-h265: 746d11721c4dcdbdad8f713fa42b33f4 -> 
  custom:video-decoder-webm-vp8: 9c59270c3fd7afecdb556c50c9e8de78 -> 
  custom:audio-decoder-ogg-vorbis: bf7c407c2cedff20999df2af8eb42d56 -> 
  custom:audio-encoder-webm-vorbis: bf7c407c2cedff20999df2af8eb42d56 -> 
========================================================================
Received Prepare
Registering precompiled user dll's ...
Registered in 0.005075 seconds.
Begin MonoManager ReloadAssembly
Native extension for WindowsStandalone target not found
Refreshing native plugins compatible for Editor in 0.43 ms, found 2 plugins.
Preloading 0 native plugins for Editor in 0.00 ms.
Mono: successfully reloaded assembly
- Completed reload, in  1.223 seconds
Domain Reload Profiling:
	ReloadAssembly (1224ms)
		BeginReloadAssembly (170ms)
			ExecutionOrderSort (0ms)
			DisableScriptedObjects (9ms)
			BackupInstance (0ms)
			ReleaseScriptingObjects (0ms)
			CreateAndSetChildDomain (64ms)
		EndReloadAssembly (965ms)
			LoadAssemblies (119ms)
			RebuildTransferFunctionScriptingTraits (0ms)
			SetupTypeCache (341ms)
			ReleaseScriptCaches (1ms)
			RebuildScriptCaches (45ms)
			SetupLoadedEditorAssemblies (348ms)
				LogAssemblyErrors (0ms)
				InitializePlatformSupportModulesInManaged (6ms)
				SetLoadedEditorAssemblies (1ms)
				RefreshPlugins (1ms)
				BeforeProcessingInitializeOnLoad (61ms)
				ProcessInitializeOnLoadAttributes (260ms)
				ProcessInitializeOnLoadMethodAttributes (12ms)
				AfterProcessingInitializeOnLoad (8ms)
				EditorAssembliesLoaded (0ms)
			ExecutionOrderSort2 (0ms)
			AwakeInstancesAfterBackupRestoration (9ms)
Platform modules already initialized, skipping
Refreshing native plugins compatible for Editor in 0.43 ms, found 2 plugins.
Preloading 0 native plugins for Editor in 0.00 ms.
Unloading 1549 Unused Serialized files (Serialized files now loaded: 0)
System memory in use before: 86.0 MB.
System memory in use after: 85.8 MB.

Unloading 16 unused Assets to reduce memory usage. Loaded Objects now: 2085.
Total: 3.247200 ms (FindLiveObjects: 0.164200 ms CreateObjectMapping: 0.065200 ms MarkObjects: 2.652700 ms  DeleteObjects: 0.364000 ms)

AssetImportParameters requested are different than current active one (requested -> active):
  custom:framework-win-MediaFoundation: 216162199b28c13a410421893ffa2e32 -> 
  custom:video-decoder-ogg-theora: a1e56fd34408186e4bbccfd4996cb3dc -> 
  custom:container-muxer-webm: aa71ff27fc2769a1b78a27578f13a17b -> 
  custom:container-demuxer-webm: 4f35f7cbe854078d1ac9338744f61a02 -> 
  custom:container-demuxer-ogg: 62fdf1f143b41e24485cea50d1cbac27 -> 
  custom:video-encoder-webm-vp8: eb34c28f22e8b96e1ab97ce403110664 -> 
  custom:video-codec-MediaFoundation-h265: 746d11721c4dcdbdad8f713fa42b33f4 -> 
  custom:video-decoder-webm-vp8: 9c59270c3fd7afecdb556c50c9e8de78 -> 
  custom:audio-decoder-ogg-vorbis: bf7c407c2cedff20999df2af8eb42d56 -> 
  custom:audio-encoder-webm-vorbis: bf7c407c2cedff20999df2af8eb42d56 -> 
========================================================================
Received Prepare
Registering precompiled user dll's ...
Registered in 0.004916 seconds.
Begin MonoManager ReloadAssembly
Native extension for WindowsStandalone target not found
Refreshing native plugins compatible for Editor in 0.67 ms, found 2 plugins.
Preloading 0 native plugins for Editor in 0.00 ms.
Mono: successfully reloaded assembly
- Completed reload, in  1.137 seconds
Domain Reload Profiling:
	ReloadAssembly (1137ms)
		BeginReloadAssembly (129ms)
			ExecutionOrderSort (0ms)
			DisableScriptedObjects (5ms)
			BackupInstance (0ms)
			ReleaseScriptingObjects (0ms)
			CreateAndSetChildDomain (34ms)
		EndReloadAssembly (932ms)
			LoadAssemblies (112ms)
			RebuildTransferFunctionScriptingTraits (0ms)
			SetupTypeCache (338ms)
			ReleaseScriptCaches (1ms)
			RebuildScriptCaches (45ms)
			SetupLoadedEditorAssemblies (331ms)
				LogAssemblyErrors (0ms)
				InitializePlatformSupportModulesInManaged (6ms)
				SetLoadedEditorAssemblies (1ms)
				RefreshPlugins (1ms)
				BeforeProcessingInitializeOnLoad (59ms)
				ProcessInitializeOnLoadAttributes (247ms)
				ProcessInitializeOnLoadMethodAttributes (11ms)
				AfterProcessingInitializeOnLoad (7ms)
				EditorAssembliesLoaded (0ms)
			ExecutionOrderSort2 (0ms)
			AwakeInstancesAfterBackupRestoration (8ms)
Platform modules already initialized, skipping
Refreshing native plugins compatible for Editor in 0.41 ms, found 2 plugins.
Preloading 0 native plugins for Editor in 0.00 ms.
Unloading 1549 Unused Serialized files (Serialized files now loaded: 0)
System memory in use before: 86.0 MB.
System memory in use after: 85.8 MB.

Unloading 16 unused Assets to reduce memory usage. Loaded Objects now: 2087.
Total: 3.155000 ms (FindLiveObjects: 0.148100 ms CreateObjectMapping: 0.058800 ms MarkObjects: 2.616800 ms  DeleteObjects: 0.330200 ms)

AssetImportParameters requested are different than current active one (requested -> active):
  custom:framework-win-MediaFoundation: 216162199b28c13a410421893ffa2e32 -> 
  custom:video-decoder-ogg-theora: a1e56fd34408186e4bbccfd4996cb3dc -> 
  custom:container-muxer-webm: aa71ff27fc2769a1b78a27578f13a17b -> 
  custom:container-demuxer-webm: 4f35f7cbe854078d1ac9338744f61a02 -> 
  custom:container-demuxer-ogg: 62fdf1f143b41e24485cea50d1cbac27 -> 
  custom:video-encoder-webm-vp8: eb34c28f22e8b96e1ab97ce403110664 -> 
  custom:video-codec-MediaFoundation-h265: 746d11721c4dcdbdad8f713fa42b33f4 -> 
  custom:video-decoder-webm-vp8: 9c59270c3fd7afecdb556c50c9e8de78 -> 
  custom:audio-decoder-ogg-vorbis: bf7c407c2cedff20999df2af8eb42d56 -> 
  custom:audio-encoder-webm-vorbis: bf7c407c2cedff20999df2af8eb42d56 -> 
AssetImportWorkerClient::OnTransportError - code=2 error=End of file
